<?xml version="1.0" encoding="UTF-8"?>
<!-- Generated by org.testng.reporters.JUnitXMLReporter -->
<testsuite hostname="WKWIN3074433" ignored="0" name="Login and Add items Test" tests="1" failures="1" timestamp="2019-11-06T10:20:21 IST" time="25.02" errors="0">
  <testcase name="test_Server" time="24.959" classname="com.android.test.launchAppium">
    <failure type="org.openqa.selenium.InvalidElementStateException" message="Drag did not complete successfully (WARNING: The server did not provide any stacktrace information)
Command duration or timeout: 533 milliseconds
Build info: version: &amp;apos;2.53.0&amp;apos;, revision: &amp;apos;35ae25b1534ae328c771e0856c93e187490ca824&amp;apos;, time: &amp;apos;2016-03-15 10:43:46&amp;apos;
System info: host: &amp;apos;WKWIN3074433&amp;apos;, ip: &amp;apos;10.207.122.32&amp;apos;, os.name: &amp;apos;Windows 10&amp;apos;, os.arch: &amp;apos;amd64&amp;apos;, os.version: &amp;apos;10.0&amp;apos;, java.version: &amp;apos;1.8.0_192&amp;apos;
Driver info: io.appium.java_client.android.AndroidDriver
Capabilities [{appPackage=in.amazon.mShop.android.shopping, statBarHeight=66, noReset=true, viewportRect={top=66, left=0, width=1080, height=1962}, deviceName=emulator-5554, avd=Pixel_3_API_28, platform=LINUX, deviceUDID=emulator-5554, desired={appPackage=in.amazon.mShop.android.shopping, appActivity=com.amazon.mShop.home.HomeActivity, noReset=true, platformVersion=9.0, automationName=UiAutomator2, autoGrantPermissions=true, unicodeKeyboard=true, platformName=Android, deviceName=emulator-5554, avd=Pixel_3_API_28}, platformVersion=9, webStorageEnabled=false, automationName=UiAutomator2, takesScreenshot=true, javascriptEnabled=true, unicodeKeyboard=true, platformName=Android, deviceApiLevel=28, deviceManufacturer=Google, deviceScreenSize=1080x2160, networkConnectionEnabled=true, warnings={}, databaseEnabled=false, appActivity=com.amazon.mShop.home.HomeActivity, pixelRatio=2.75, locationContextEnabled=false, autoGrantPermissions=true, deviceScreenDensity=440, deviceModel=Android SDK built for x86}]
Session ID: 0a10eefc-d07a-439b-be97-2118ed275aed">
      <![CDATA[org.openqa.selenium.InvalidElementStateException: Drag did not complete successfully (WARNING: The server did not provide any stacktrace information)
Command duration or timeout: 533 milliseconds
Build info: version: '2.53.0', revision: '35ae25b1534ae328c771e0856c93e187490ca824', time: '2016-03-15 10:43:46'
System info: host: 'WKWIN3074433', ip: '10.207.122.32', os.name: 'Windows 10', os.arch: 'amd64', os.version: '10.0', java.version: '1.8.0_192'
Driver info: io.appium.java_client.android.AndroidDriver
Capabilities [{appPackage=in.amazon.mShop.android.shopping, statBarHeight=66, noReset=true, viewportRect={top=66, left=0, width=1080, height=1962}, deviceName=emulator-5554, avd=Pixel_3_API_28, platform=LINUX, deviceUDID=emulator-5554, desired={appPackage=in.amazon.mShop.android.shopping, appActivity=com.amazon.mShop.home.HomeActivity, noReset=true, platformVersion=9.0, automationName=UiAutomator2, autoGrantPermissions=true, unicodeKeyboard=true, platformName=Android, deviceName=emulator-5554, avd=Pixel_3_API_28}, platformVersion=9, webStorageEnabled=false, automationName=UiAutomator2, takesScreenshot=true, javascriptEnabled=true, unicodeKeyboard=true, platformName=Android, deviceApiLevel=28, deviceManufacturer=Google, deviceScreenSize=1080x2160, networkConnectionEnabled=true, warnings={}, databaseEnabled=false, appActivity=com.amazon.mShop.home.HomeActivity, pixelRatio=2.75, locationContextEnabled=false, autoGrantPermissions=true, deviceScreenDensity=440, deviceModel=Android SDK built for x86}]
Session ID: 0a10eefc-d07a-439b-be97-2118ed275aed
at org.openqa.selenium.remote.ErrorHandler.createThrowable(ErrorHandler.java:206)
at org.openqa.selenium.remote.ErrorHandler.throwIfResponseFailed(ErrorHandler.java:158)
at org.openqa.selenium.remote.RemoteWebDriver.execute(RemoteWebDriver.java:678)
at io.appium.java_client.DefaultGenericMobileDriver.execute(DefaultGenericMobileDriver.java:43)
at io.appium.java_client.AppiumDriver.execute(AppiumDriver.java:1)
at io.appium.java_client.android.AndroidDriver.execute(AndroidDriver.java:1)
at io.appium.java_client.AppiumDriver.performTouchAction(AppiumDriver.java:316)
at io.appium.java_client.TouchAction.perform(TouchAction.java:318)
at com.android.test.Utils.scroll(Utils.java:128)
at com.android.test.Utils.scrollDown(Utils.java:124)
at com.android.test.launchAppium.test_Server(launchAppium.java:119)
at java.util.ArrayList.forEach(Unknown Source)
... Removed 31 stack frames]]>
    </failure>
  </testcase> <!-- test_Server -->
</testsuite> <!-- Login and Add items Test -->
